{"/home/juancarrillo/Desktop/module-3-web/data/ghrepolist.js": {"path":"/home/juancarrillo/Desktop/module-3-web/data/ghrepolist.js","statementMap":{"0":{"start":{"line":1,"column":19},"end":{"line":3532,"column":3}}},"fnMap":{},"branchMap":{},"s":{"0":2},"f":{},"b":{},"_coverageSchema":"1a1c01bbd47fc00a2c39e90264f33305004495a9","hash":"65576e40ce66f3a7c68b67712d81f8fccce849e8"}
,"/home/juancarrillo/Desktop/module-3-web/data/ghsumstarts.js": {"path":"/home/juancarrillo/Desktop/module-3-web/data/ghsumstarts.js","statementMap":{"0":{"start":{"line":1,"column":20},"end":{"line":232,"column":1}}},"fnMap":{},"branchMap":{},"s":{"0":1},"f":{},"b":{},"_coverageSchema":"1a1c01bbd47fc00a2c39e90264f33305004495a9","hash":"ff8d19310dd54318499a41385d73e2e278ab6291"}
,"/home/juancarrillo/Desktop/module-3-web/last-updated/lastUpdated.js": {"path":"/home/juancarrillo/Desktop/module-3-web/last-updated/lastUpdated.js","statementMap":{"0":{"start":{"line":2,"column":4},"end":{"line":2,"column":68}},"1":{"start":{"line":2,"column":28},"end":{"line":2,"column":68}},"2":{"start":{"line":4,"column":24},"end":{"line":4,"column":106}},"3":{"start":{"line":4,"column":52},"end":{"line":4,"column":105}},"4":{"start":{"line":6,"column":29},"end":{"line":6,"column":51}},"5":{"start":{"line":8,"column":4},"end":{"line":8,"column":27}}},"fnMap":{"0":{"name":"lastUpdated","decl":{"start":{"line":1,"column":24},"end":{"line":1,"column":35}},"loc":{"start":{"line":1,"column":45},"end":{"line":9,"column":1}},"line":1},"1":{"name":"(anonymous_1)","decl":{"start":{"line":4,"column":42},"end":{"line":4,"column":43}},"loc":{"start":{"line":4,"column":52},"end":{"line":4,"column":105}},"line":4}},"branchMap":{"0":{"loc":{"start":{"line":2,"column":4},"end":{"line":2,"column":68}},"type":"if","locations":[{"start":{"line":2,"column":4},"end":{"line":2,"column":68}},{"start":{},"end":{}}],"line":2}},"s":{"0":3,"1":1,"2":2,"3":216,"4":2,"5":2},"f":{"0":3,"1":216},"b":{"0":[1,2]},"_coverageSchema":"1a1c01bbd47fc00a2c39e90264f33305004495a9","hash":"341cacc42f2d70c8028d2fe2e37c4678d2738ebc"}
,"/home/juancarrillo/Desktop/module-3-web/more-than-five/listMoreStarts.js": {"path":"/home/juancarrillo/Desktop/module-3-web/more-than-five/listMoreStarts.js","statementMap":{"0":{"start":{"line":2,"column":25},"end":{"line":2,"column":79}},"1":{"start":{"line":2,"column":50},"end":{"line":2,"column":78}},"2":{"start":{"line":3,"column":4},"end":{"line":3,"column":23}}},"fnMap":{"0":{"name":"listMoreStars","decl":{"start":{"line":1,"column":24},"end":{"line":1,"column":37}},"loc":{"start":{"line":1,"column":46},"end":{"line":4,"column":1}},"line":1},"1":{"name":"(anonymous_1)","decl":{"start":{"line":2,"column":40},"end":{"line":2,"column":41}},"loc":{"start":{"line":2,"column":50},"end":{"line":2,"column":78}},"line":2}},"branchMap":{},"s":{"0":2,"1":30,"2":2},"f":{"0":2,"1":30},"b":{},"_coverageSchema":"1a1c01bbd47fc00a2c39e90264f33305004495a9","hash":"4a5ea56df45f4ca03113020e367347043fa9dc75"}
,"/home/juancarrillo/Desktop/module-3-web/sum-starts/sumAllStars.js": {"path":"/home/juancarrillo/Desktop/module-3-web/sum-starts/sumAllStars.js","statementMap":{"0":{"start":{"line":2,"column":16},"end":{"line":4,"column":9}},"1":{"start":{"line":3,"column":8},"end":{"line":3,"column":45}},"2":{"start":{"line":6,"column":4},"end":{"line":6,"column":14}}},"fnMap":{"0":{"name":"sumAllStars","decl":{"start":{"line":1,"column":24},"end":{"line":1,"column":35}},"loc":{"start":{"line":1,"column":45},"end":{"line":7,"column":1}},"line":1},"1":{"name":"(anonymous_1)","decl":{"start":{"line":2,"column":31},"end":{"line":2,"column":32}},"loc":{"start":{"line":2,"column":46},"end":{"line":4,"column":5}},"line":2}},"branchMap":{},"s":{"0":1,"1":2,"2":1},"f":{"0":1,"1":2},"b":{},"_coverageSchema":"1a1c01bbd47fc00a2c39e90264f33305004495a9","hash":"bf386a6d753bacd978de70fd5d5ee377a2d34c2a"}
}
