TN:
SF:data/ghrepolist.js
FNF:0
FNH:0
DA:1,2
LF:1
LH:1
BRF:0
BRH:0
end_of_record
TN:
SF:data/ghsumstarts.js
FNF:0
FNH:0
DA:1,1
LF:1
LH:1
BRF:0
BRH:0
end_of_record
TN:
SF:last-updated/lastUpdated.js
FN:1,lastUpdated
FN:4,(anonymous_1)
FNF:2
FNH:2
FNDA:3,lastUpdated
FNDA:216,(anonymous_1)
DA:2,3
DA:4,216
DA:6,2
DA:8,2
LF:4
LH:4
BRDA:2,0,0,1
BRDA:2,0,1,2
BRF:2
BRH:2
end_of_record
TN:
SF:more-than-five/listMoreStarts.js
FN:1,listMoreStars
FN:2,(anonymous_1)
FNF:2
FNH:2
FNDA:2,listMoreStars
FNDA:30,(anonymous_1)
DA:2,30
DA:3,2
LF:2
LH:2
BRF:0
BRH:0
end_of_record
TN:
SF:sum-starts/sumAllStars.js
FN:1,sumAllStars
FN:2,(anonymous_1)
FNF:2
FNH:2
FNDA:1,sumAllStars
FNDA:2,(anonymous_1)
DA:2,1
DA:3,2
DA:6,1
LF:3
LH:3
BRF:0
BRH:0
end_of_record
